<?xml version="1.0" encoding="UTF-8"?>
<testsuite name="snake.basic.DeathTests" tests="3" skipped="0" failures="0" errors="0" timestamp="2020-09-20T19:19:13" hostname="MacBook-Pro-di-Federico.local" time="0.011">
  <properties/>
  <testcase name="testGameOver" classname="snake.basic.DeathTests" time="0.003"/>
  <testcase name="testPreciselyDoesNotDie" classname="snake.basic.DeathTests" time="0.003"/>
  <testcase name="testNoEscapeGameOver" classname="snake.basic.DeathTests" time="0.003"/>
  <system-out><![CDATA[]]></system-out>
  <system-err><![CDATA[]]></system-err>
</testsuite>
