<?xml version="1.0" encoding="UTF-8"?>
<testsuite name="snake.basic.WrapAroundTests" tests="4" skipped="0" failures="0" errors="0" timestamp="2020-09-20T19:19:13" hostname="MacBook-Pro-di-Federico.local" time="0.015">
  <properties/>
  <testcase name="testWrapAroundEast" classname="snake.basic.WrapAroundTests" time="0.003"/>
  <testcase name="testWrapAroundSouth" classname="snake.basic.WrapAroundTests" time="0.004"/>
  <testcase name="testWrapAroundNorth" classname="snake.basic.WrapAroundTests" time="0.003"/>
  <testcase name="testWrapAroundWest" classname="snake.basic.WrapAroundTests" time="0.005"/>
  <system-out><![CDATA[]]></system-out>
  <system-err><![CDATA[]]></system-err>
</testsuite>
