<?xml version="1.0" encoding="UTF-8"?>
<testsuite name="snake.basic.FullGameTests" tests="7" skipped="0" failures="0" errors="0" timestamp="2020-09-20T19:19:13" hostname="MacBook-Pro-di-Federico.local" time="0.059">
  <properties/>
  <testcase name="testGame3x1" classname="snake.basic.FullGameTests" time="0.002"/>
  <testcase name="testGame6x6" classname="snake.basic.FullGameTests" time="0.008"/>
  <testcase name="testGame6x3" classname="snake.basic.FullGameTests" time="0.006"/>
  <testcase name="testGame10x7" classname="snake.basic.FullGameTests" time="0.027"/>
  <testcase name="testInterleave6x3and10x7" classname="snake.basic.FullGameTests" time="0.007"/>
  <testcase name="testInterleave6x6and10x7" classname="snake.basic.FullGameTests" time="0.005"/>
  <testcase name="testInterleave6x3and6x6" classname="snake.basic.FullGameTests" time="0.002"/>
  <system-out><![CDATA[]]></system-out>
  <system-err><![CDATA[]]></system-err>
</testsuite>
