<?xml version="1.0" encoding="UTF-8"?>
<testsuite name="snake.basic.MovementTests" tests="5" skipped="0" failures="0" errors="0" timestamp="2020-09-20T19:19:13" hostname="MacBook-Pro-di-Federico.local" time="0.022">
  <properties/>
  <testcase name="testMove" classname="snake.basic.MovementTests" time="0.003"/>
  <testcase name="testChangeDirs" classname="snake.basic.MovementTests" time="0.008"/>
  <testcase name="testIgnoreEatHead" classname="snake.basic.MovementTests" time="0.004"/>
  <testcase name="testQuickSwitch" classname="snake.basic.MovementTests" time="0.003"/>
  <testcase name="testQuickSwitch2" classname="snake.basic.MovementTests" time="0.003"/>
  <system-out><![CDATA[]]></system-out>
  <system-err><![CDATA[]]></system-err>
</testsuite>
